<?xml version="1.0" encoding="UTF-8"?>
<!-- Generated by org.testng.reporters.JUnitXMLReporter -->
<testsuite hostname="Minky-PC" ignored="0" name="Test" tests="12" failures="0" timestamp="2020-12-11T21:05:14 CET" time="143.066" errors="0">
  <testcase name="verifyCreateAccountButtonRedirectsToCreatePage" time="0.164" classname="com.tacx.testcases.SignupPageTest"/>
  <testcase name="verifyHomePageTitleTest" time="0.025" classname="com.tacx.testcases.SignupPageTest"/>
  <testcase name="verifyAccountsCreatedSucessfully" time="2.78" classname="com.tacx.testcases.CreateAccountPageTest"/>
  <testcase name="verifyUserAlreadyExitsMessage" time="2.776" classname="com.tacx.testcases.CreateAccountPageTest"/>
  <testcase name="verifyDashBoardUrl" time="0.09" classname="com.tacx.testcases.HomePageTest"/>
  <testcase name="verifyTacxLogo" time="3.06" classname="com.tacx.testcases.HomePageTest"/>
  <testcase name="verifyDashBoardUrl" time="1.371" classname="com.tacx.testcases.CreateWorkoutTest"/>
  <testcase name="verifyDistanceClicked" time="1.986" classname="com.tacx.testcases.CreateWorkoutTest"/>
  <testcase name="verifyCreateText" time="0.065" classname="com.tacx.testcases.DistanceSelectionPageTest"/>
  <testcase name="verifyDistanceValue" time="1.912" classname="com.tacx.testcases.DistanceSelectionPageTest"/>
  <testcase name="verifyTitleAndWorkOutName" time="0.045" classname="com.tacx.testcases.WorkoutsPageTest"/>
  <testcase name="verifyWorkoutTitleName" time="1.135" classname="com.tacx.testcases.WorkoutsPageTest"/>
</testsuite> <!-- Test -->
